This file contains any messages produced by compilers while
running configure, to aid debugging if configure makes a mistake.

configure:676: checking host system type
configure:697: checking target system type
configure:715: checking build system type
configure:1319: checking for whoami
configure:2144: checking for gcc
configure:2257: checking whether the C compiler (gcc  ) works
configure:2273: gcc -o conftest    conftest.c  1>&5
configure:2270:1: warning: return type defaults to 'int' [-Wimplicit-int]
 2270 | main(){return(0);}
      | ^~~~
configure:2299: checking whether the C compiler (gcc  ) is a cross-compiler
configure:2304: checking whether we are using GNU C
configure:2332: checking whether gcc accepts -g
configure:2513: checking how to run the C preprocessor
configure:2595: checking for ranlib
configure:2627: checking for as
configure:2668: checking for ar
configure:2709: checking for ld
configure:2750: checking for strip
configure:2791: checking for windres
configure:2859: checking for gcc -pipe support
configure:2911: checking whether C compiler supports -fprofile-generate
configure:2920: gcc -c  -fprofile-generate -fprofile-correction  conftest.c 1>&5
configure:2943: checking for visibility(hidden) attribute
configure:2967: checking for visibility pragma support
configure:3020: checking for perl5
configure:3349: gcc -c   conftest.c 1>&5
configure: In function 'main':
configure:3345:15: error: '__thumb2__' undeclared (first use in this function)
 3345 | return sizeof(__thumb2__);
      |               ^~~~~~~~~~
configure:3345:15: note: each undeclared identifier is reported only once for each function it appears in
configure: failed program was:
#line 3342 "configure"
#include "confdefs.h"

int main() {
return sizeof(__thumb2__);
; return 0; }
configure:5501: checking for dlopen in -ldl
configure:5537: checking for dlfcn.h
configure:5580: checking whether gcc needs -traditional
configure:5630: checking for dladdr
configure:5630: checking for gettid
configure:5630: checking for lchown
configure:5630: checking for setpriority
configure:5630: checking for strerror
configure:5630: checking for syscall
configure:5811: checking for pthread_create in -lpthreads
gcc -o dummy dummy.c  -Wall  -lpthreads  
/usr/bin/ld: cannot find -lpthreads
collect2: error: ld returned 1 exit status
configure:5833: checking for pthread_create in -lpthread
gcc -o dummy dummy.c  -Wall  -lpthread  
configure:5995: checking whether gcc accepts -pthread
